[ 2017-04-21T10:49:20+08:00 ] ::1 /ThinkPHP/Public/Home/css/__PUBLIC__/Home/imgs/hot.png
INFO: [ app_init ] --START--
INFO: Run Behavior\BuildLiteBehavior [ RunTime:0.000062s ]
INFO: [ app_init ] --END-- [ RunTime:0.000676s ]
ERR: 无法加载模块:Public

[ 2017-04-21T10:49:21+08:00 ] ::1 /ThinkPHP/Public/Home/css/__PUBLIC__/Home/imgs/footer01.png
INFO: [ app_init ] --START--
INFO: Run Behavior\BuildLiteBehavior [ RunTime:0.000038s ]
INFO: [ app_init ] --END-- [ RunTime:0.000570s ]
ERR: 无法加载模块:Public

[ 2017-04-21T10:49:21+08:00 ] ::1 /ThinkPHP/Public/Home/css/__PUBLIC__/Home/imgs/footer02.jpg
INFO: [ app_init ] --START--
INFO: Run Behavior\BuildLiteBehavior [ RunTime:0.000039s ]
INFO: [ app_init ] --END-- [ RunTime:0.000634s ]
ERR: 无法加载模块:Public

[ 2017-04-21T10:49:22+08:00 ] ::1 /ThinkPHP/Public/Home/css/__PUBLIC__/Home/imgs/hot.png
INFO: [ app_init ] --START--
INFO: Run Behavior\BuildLiteBehavior [ RunTime:0.000037s ]
INFO: [ app_init ] --END-- [ RunTime:0.000547s ]
ERR: 无法加载模块:Public

[ 2017-04-21T10:49:22+08:00 ] ::1 /ThinkPHP/Public/Home/css/__PUBLIC__/Home/imgs/footer02.jpg
INFO: [ app_init ] --START--
INFO: Run Behavior\BuildLiteBehavior [ RunTime:0.000036s ]
INFO: [ app_init ] --END-- [ RunTime:0.000549s ]
ERR: 无法加载模块:Public

[ 2017-04-21T10:49:22+08:00 ] ::1 /ThinkPHP/Public/Home/css/__PUBLIC__/Home/imgs/footer01.png
INFO: [ app_init ] --START--
INFO: Run Behavior\BuildLiteBehavior [ RunTime:0.000035s ]
INFO: [ app_init ] --END-- [ RunTime:0.000559s ]
ERR: 无法加载模块:Public

[ 2017-04-21T10:52:30+08:00 ] ::1 /ThinkPHP/Public/Home/css/__PUBLIC__/Home/imgs/hot.png
INFO: [ app_init ] --START--
INFO: Run Behavior\BuildLiteBehavior [ RunTime:0.000034s ]
INFO: [ app_init ] --END-- [ RunTime:0.000540s ]
ERR: 无法加载模块:Public

[ 2017-04-21T10:52:31+08:00 ] ::1 /ThinkPHP/Public/Home/css/__PUBLIC__/Home/imgs/footer02.jpg
INFO: [ app_init ] --START--
INFO: Run Behavior\BuildLiteBehavior [ RunTime:0.000034s ]
INFO: [ app_init ] --END-- [ RunTime:0.000604s ]
ERR: 无法加载模块:Public

[ 2017-04-21T10:52:31+08:00 ] ::1 /ThinkPHP/Public/Home/css/__PUBLIC__/Home/imgs/footer01.png
INFO: [ app_init ] --START--
INFO: Run Behavior\BuildLiteBehavior [ RunTime:0.000093s ]
INFO: [ app_init ] --END-- [ RunTime:0.000884s ]
ERR: 无法加载模块:Public

[ 2017-04-21T10:52:34+08:00 ] ::1 /ThinkPHP/Public/Home/css/__PUBLIC__/Home/imgs/hot.png
INFO: [ app_init ] --START--
INFO: Run Behavior\BuildLiteBehavior [ RunTime:0.000035s ]
INFO: [ app_init ] --END-- [ RunTime:0.000890s ]
ERR: 无法加载模块:Public

[ 2017-04-21T10:52:34+08:00 ] ::1 /ThinkPHP/Public/Home/css/__PUBLIC__/Home/imgs/footer01.png
INFO: [ app_init ] --START--
INFO: Run Behavior\BuildLiteBehavior [ RunTime:0.000037s ]
INFO: [ app_init ] --END-- [ RunTime:0.000560s ]
ERR: 无法加载模块:Public

[ 2017-04-21T10:52:34+08:00 ] ::1 /ThinkPHP/Public/Home/css/__PUBLIC__/Home/imgs/footer02.jpg
INFO: [ app_init ] --START--
INFO: Run Behavior\BuildLiteBehavior [ RunTime:0.000037s ]
INFO: [ app_init ] --END-- [ RunTime:0.000692s ]
ERR: 无法加载模块:Public

[ 2017-04-21T10:53:08+08:00 ] ::1 /ThinkPHP/Public/Home/css/__PUBLIC__/Home/imgs/hot.png
INFO: [ app_init ] --START--
INFO: Run Behavior\BuildLiteBehavior [ RunTime:0.000035s ]
INFO: [ app_init ] --END-- [ RunTime:0.000533s ]
ERR: 无法加载模块:Public

[ 2017-04-21T10:53:08+08:00 ] ::1 /ThinkPHP/Public/Home/css/__PUBLIC__/Home/imgs/footer02.jpg
INFO: [ app_init ] --START--
INFO: Run Behavior\BuildLiteBehavior [ RunTime:0.000043s ]
INFO: [ app_init ] --END-- [ RunTime:0.000630s ]
ERR: 无法加载模块:Public

[ 2017-04-21T10:53:08+08:00 ] ::1 /ThinkPHP/Public/Home/css/__PUBLIC__/Home/imgs/footer01.png
INFO: [ app_init ] --START--
INFO: Run Behavior\BuildLiteBehavior [ RunTime:0.000037s ]
INFO: [ app_init ] --END-- [ RunTime:0.000758s ]
ERR: 无法加载模块:Public

[ 2017-04-21T10:53:36+08:00 ] ::1 /ThinkPHP/Public/Home/css/__PUBLIC__/Home/imgs/hot.png
INFO: [ app_init ] --START--
INFO: Run Behavior\BuildLiteBehavior [ RunTime:0.000063s ]
INFO: [ app_init ] --END-- [ RunTime:0.004871s ]
ERR: 无法加载模块:Public

[ 2017-04-21T10:53:36+08:00 ] ::1 /ThinkPHP/Public/Home/css/__PUBLIC__/Home/imgs/footer01.png
INFO: [ app_init ] --START--
INFO: Run Behavior\BuildLiteBehavior [ RunTime:0.000038s ]
INFO: [ app_init ] --END-- [ RunTime:0.000521s ]
ERR: 无法加载模块:Public

[ 2017-04-21T10:53:36+08:00 ] ::1 /ThinkPHP/Public/Home/css/__PUBLIC__/Home/imgs/footer02.jpg
INFO: [ app_init ] --START--
INFO: Run Behavior\BuildLiteBehavior [ RunTime:0.000038s ]
INFO: [ app_init ] --END-- [ RunTime:0.000736s ]
ERR: 无法加载模块:Public

[ 2017-04-21T10:55:04+08:00 ] ::1 /ThinkPHP/Public/Home/css/__PUBLIC__/Home/imgs/hot.png
INFO: [ app_init ] --START--
INFO: Run Behavior\BuildLiteBehavior [ RunTime:0.000035s ]
INFO: [ app_init ] --END-- [ RunTime:0.000534s ]
ERR: 无法加载模块:Public

[ 2017-04-21T10:55:04+08:00 ] ::1 /ThinkPHP/Public/Home/css/__PUBLIC__/Home/imgs/footer01.png
INFO: [ app_init ] --START--
INFO: Run Behavior\BuildLiteBehavior [ RunTime:0.000038s ]
INFO: [ app_init ] --END-- [ RunTime:0.000621s ]
ERR: 无法加载模块:Public

[ 2017-04-21T10:55:04+08:00 ] ::1 /ThinkPHP/Public/Home/css/__PUBLIC__/Home/imgs/footer02.jpg
INFO: [ app_init ] --START--
INFO: Run Behavior\BuildLiteBehavior [ RunTime:0.000056s ]
INFO: [ app_init ] --END-- [ RunTime:0.000605s ]
ERR: 无法加载模块:Public

[ 2017-04-21T10:55:26+08:00 ] ::1 /ThinkPHP/Public/Home/css/__PUBLIC__/Home/imgs/hot.png
INFO: [ app_init ] --START--
INFO: Run Behavior\BuildLiteBehavior [ RunTime:0.000043s ]
INFO: [ app_init ] --END-- [ RunTime:0.000628s ]
ERR: 无法加载模块:Public

[ 2017-04-21T10:55:26+08:00 ] ::1 /ThinkPHP/Public/Home/css/__PUBLIC__/Home/imgs/footer01.png
INFO: [ app_init ] --START--
INFO: Run Behavior\BuildLiteBehavior [ RunTime:0.000038s ]
INFO: [ app_init ] --END-- [ RunTime:0.000713s ]
ERR: 无法加载模块:Public

[ 2017-04-21T10:55:26+08:00 ] ::1 /ThinkPHP/Public/Home/css/__PUBLIC__/Home/imgs/footer02.jpg
INFO: [ app_init ] --START--
INFO: Run Behavior\BuildLiteBehavior [ RunTime:0.000039s ]
INFO: [ app_init ] --END-- [ RunTime:0.000634s ]
ERR: 无法加载模块:Public

[ 2017-04-21T10:56:16+08:00 ] ::1 /ThinkPHP/Public/Home/css/__PUBLIC__/Home/imgs/footer01.png
INFO: [ app_init ] --START--
INFO: Run Behavior\BuildLiteBehavior [ RunTime:0.000037s ]
INFO: [ app_init ] --END-- [ RunTime:0.000587s ]
ERR: 无法加载模块:Public

[ 2017-04-21T10:56:16+08:00 ] ::1 /ThinkPHP/Public/Home/css/__PUBLIC__/Home/imgs/hot.png
INFO: [ app_init ] --START--
INFO: Run Behavior\BuildLiteBehavior [ RunTime:0.000085s ]
INFO: [ app_init ] --END-- [ RunTime:0.000723s ]
ERR: 无法加载模块:Public

[ 2017-04-21T10:56:16+08:00 ] ::1 /ThinkPHP/Public/Home/css/__PUBLIC__/Home/imgs/footer02.jpg
INFO: [ app_init ] --START--
INFO: Run Behavior\BuildLiteBehavior [ RunTime:0.000044s ]
INFO: [ app_init ] --END-- [ RunTime:0.001275s ]
ERR: 无法加载模块:Public

[ 2017-04-21T10:56:28+08:00 ] ::1 /ThinkPHP/Public/Home/css/__PUBLIC__/Home/imgs/footer01.png
INFO: [ app_init ] --START--
INFO: Run Behavior\BuildLiteBehavior [ RunTime:0.000038s ]
INFO: [ app_init ] --END-- [ RunTime:0.000614s ]
ERR: 无法加载模块:Public

[ 2017-04-21T10:56:28+08:00 ] ::1 /ThinkPHP/Public/Home/css/__PUBLIC__/Home/imgs/hot.png
INFO: [ app_init ] --START--
INFO: Run Behavior\BuildLiteBehavior [ RunTime:0.000039s ]
INFO: [ app_init ] --END-- [ RunTime:0.000596s ]
ERR: 无法加载模块:Public

[ 2017-04-21T10:56:29+08:00 ] ::1 /ThinkPHP/Public/Home/css/__PUBLIC__/Home/imgs/footer02.jpg
INFO: [ app_init ] --START--
INFO: Run Behavior\BuildLiteBehavior [ RunTime:0.000043s ]
INFO: [ app_init ] --END-- [ RunTime:0.000862s ]
ERR: 无法加载模块:Public

[ 2017-04-21T10:56:37+08:00 ] ::1 /ThinkPHP/Public/Home/css/__PUBLIC__/Home/imgs/hot.png
INFO: [ app_init ] --START--
INFO: Run Behavior\BuildLiteBehavior [ RunTime:0.000035s ]
INFO: [ app_init ] --END-- [ RunTime:0.000503s ]
ERR: 无法加载模块:Public

[ 2017-04-21T10:56:37+08:00 ] ::1 /ThinkPHP/Public/Home/css/__PUBLIC__/Home/imgs/footer01.png
INFO: [ app_init ] --START--
INFO: Run Behavior\BuildLiteBehavior [ RunTime:0.000035s ]
INFO: [ app_init ] --END-- [ RunTime:0.000577s ]
ERR: 无法加载模块:Public

[ 2017-04-21T10:56:37+08:00 ] ::1 /ThinkPHP/Public/Home/css/__PUBLIC__/Home/imgs/footer02.jpg
INFO: [ app_init ] --START--
INFO: Run Behavior\BuildLiteBehavior [ RunTime:0.000036s ]
INFO: [ app_init ] --END-- [ RunTime:0.000700s ]
ERR: 无法加载模块:Public

[ 2017-04-21T10:57:44+08:00 ] ::1 /ThinkPHP/Public/Home/css/__PUBLIC__/Home/imgs/hot.png
INFO: [ app_init ] --START--
INFO: Run Behavior\BuildLiteBehavior [ RunTime:0.000037s ]
INFO: [ app_init ] --END-- [ RunTime:0.000600s ]
ERR: 无法加载模块:Public

[ 2017-04-21T10:57:44+08:00 ] ::1 /ThinkPHP/Public/Home/css/__PUBLIC__/Home/imgs/footer01.png
INFO: [ app_init ] --START--
INFO: Run Behavior\BuildLiteBehavior [ RunTime:0.000039s ]
INFO: [ app_init ] --END-- [ RunTime:0.000672s ]
ERR: 无法加载模块:Public

[ 2017-04-21T10:57:44+08:00 ] ::1 /ThinkPHP/Public/Home/css/__PUBLIC__/Home/imgs/footer02.jpg
INFO: [ app_init ] --START--
INFO: Run Behavior\BuildLiteBehavior [ RunTime:0.000040s ]
INFO: [ app_init ] --END-- [ RunTime:0.000752s ]
ERR: 无法加载模块:Public

[ 2017-04-21T15:30:29+08:00 ] ::1 /ThinkPHP/Public/Home/css/__PUBLIC__/Home/imgs/footer01.png
INFO: [ app_init ] --START--
INFO: Run Behavior\BuildLiteBehavior [ RunTime:0.000035s ]
INFO: [ app_init ] --END-- [ RunTime:0.000621s ]
ERR: 无法加载模块:Public

[ 2017-04-21T15:30:29+08:00 ] ::1 /ThinkPHP/Public/Home/css/__PUBLIC__/Home/imgs/footer02.jpg
INFO: [ app_init ] --START--
INFO: Run Behavior\BuildLiteBehavior [ RunTime:0.000068s ]
INFO: [ app_init ] --END-- [ RunTime:0.000837s ]
ERR: 无法加载模块:Public

[ 2017-04-21T15:30:29+08:00 ] ::1 /ThinkPHP/Public/Home/css/__PUBLIC__/Home/imgs/hot.png
INFO: [ app_init ] --START--
INFO: Run Behavior\BuildLiteBehavior [ RunTime:0.000038s ]
INFO: [ app_init ] --END-- [ RunTime:0.000862s ]
ERR: 无法加载模块:Public

